2026-02-27 08:15:54 - === ServiceManager START ===
2026-02-27 08:15:54 - Checking service: PDKS Personel Log
2026-02-27 08:15:54 - Skipped (interval not reached): PDKS Personel Log
2026-02-27 08:15:54 - Checking service: EGO Öğrenci Sorgu
2026-02-27 08:15:54 - Skipped (interval not reached): EGO Öğrenci Sorgu
2026-02-27 08:15:54 - Checking service: FlexCity Personel
2026-02-27 08:15:54 - Skipped (interval not reached): FlexCity Personel
2026-02-27 08:15:54 - Checking service: Kamutech Personel İzin Servisi
2026-02-27 08:15:54 - Skipped (interval not reached): Kamutech Personel İzin Servisi
2026-02-27 08:15:54 - === ServiceManager END ===
2026-02-27 08:15:55 - === ServiceManager START ===
2026-02-27 08:15:55 - Checking service: PDKS Personel Log
2026-02-27 08:15:55 - Skipped (interval not reached): PDKS Personel Log
2026-02-27 08:15:55 - Checking service: EGO Öğrenci Sorgu
2026-02-27 08:15:55 - Skipped (interval not reached): EGO Öğrenci Sorgu
2026-02-27 08:15:55 - Checking service: FlexCity Personel
2026-02-27 08:15:55 - Skipped (interval not reached): FlexCity Personel
2026-02-27 08:15:55 - Checking service: Kamutech Personel İzin Servisi
2026-02-27 08:15:55 - Skipped (interval not reached): Kamutech Personel İzin Servisi
2026-02-27 08:15:55 - === ServiceManager END ===
2026-02-27 08:16:27 - === ServiceManager START ===
2026-02-27 08:16:27 - Checking service: PDKS Personel Log
2026-02-27 08:16:27 - Skipped (interval not reached): PDKS Personel Log
2026-02-27 08:16:27 - Checking service: EGO Öğrenci Sorgu
2026-02-27 08:16:27 - Skipped (interval not reached): EGO Öğrenci Sorgu
2026-02-27 08:16:27 - Checking service: FlexCity Personel
2026-02-27 08:16:27 - Skipped (interval not reached): FlexCity Personel
2026-02-27 08:16:27 - Checking service: Kamutech Personel İzin Servisi
2026-02-27 08:16:27 - Skipped (interval not reached): Kamutech Personel İzin Servisi
2026-02-27 08:16:27 - === ServiceManager END ===
2026-02-27 08:16:28 - === ServiceManager START ===
2026-02-27 08:16:28 - Checking service: PDKS Personel Log
2026-02-27 08:16:28 - Skipped (interval not reached): PDKS Personel Log
2026-02-27 08:16:28 - Checking service: EGO Öğrenci Sorgu
2026-02-27 08:16:28 - Skipped (interval not reached): EGO Öğrenci Sorgu
2026-02-27 08:16:28 - Checking service: FlexCity Personel
2026-02-27 08:16:28 - Skipped (interval not reached): FlexCity Personel
2026-02-27 08:16:28 - Checking service: Kamutech Personel İzin Servisi
2026-02-27 08:16:28 - Skipped (interval not reached): Kamutech Personel İzin Servisi
2026-02-27 08:16:28 - === ServiceManager END ===
2026-02-27 08:16:43 - === ServiceManager START ===
2026-02-27 08:16:43 - Checking service: PDKS Personel Log
2026-02-27 08:16:43 - Skipped (interval not reached): PDKS Personel Log
2026-02-27 08:16:43 - Checking service: EGO Öğrenci Sorgu
2026-02-27 08:16:43 - Skipped (interval not reached): EGO Öğrenci Sorgu
2026-02-27 08:16:43 - Checking service: FlexCity Personel
2026-02-27 08:16:43 - Skipped (interval not reached): FlexCity Personel
2026-02-27 08:16:43 - Checking service: Kamutech Personel İzin Servisi
2026-02-27 08:16:43 - Skipped (interval not reached): Kamutech Personel İzin Servisi
2026-02-27 08:16:43 - === ServiceManager END ===
2026-02-27 08:17:17 - === ServiceManager START ===
2026-02-27 08:17:17 - Checking service: PDKS Personel Log
2026-02-27 08:17:17 - Skipped (interval not reached): PDKS Personel Log
2026-02-27 08:17:17 - Checking service: EGO Öğrenci Sorgu
2026-02-27 08:17:17 - Skipped (interval not reached): EGO Öğrenci Sorgu
2026-02-27 08:17:17 - Checking service: FlexCity Personel
2026-02-27 08:17:17 - Skipped (interval not reached): FlexCity Personel
2026-02-27 08:17:17 - Checking service: Kamutech Personel İzin Servisi
2026-02-27 08:17:17 - Skipped (interval not reached): Kamutech Personel İzin Servisi
2026-02-27 08:17:17 - === ServiceManager END ===
2026-02-27 08:17:19 - === ServiceManager START ===
2026-02-27 08:17:19 - Checking service: PDKS Personel Log
2026-02-27 08:17:19 - Skipped (interval not reached): PDKS Personel Log
2026-02-27 08:17:19 - Checking service: EGO Öğrenci Sorgu
2026-02-27 08:17:19 - Skipped (interval not reached): EGO Öğrenci Sorgu
2026-02-27 08:17:19 - Checking service: FlexCity Personel
2026-02-27 08:17:19 - Skipped (interval not reached): FlexCity Personel
2026-02-27 08:17:19 - Checking service: Kamutech Personel İzin Servisi
2026-02-27 08:17:19 - Skipped (interval not reached): Kamutech Personel İzin Servisi
2026-02-27 08:17:19 - === ServiceManager END ===
2026-02-27 08:17:49 - === ServiceManager START ===
2026-02-27 08:17:49 - Checking service: PDKS Personel Log
2026-02-27 08:17:49 - Skipped (interval not reached): PDKS Personel Log
2026-02-27 08:17:49 - Checking service: EGO Öğrenci Sorgu
2026-02-27 08:17:49 - Skipped (interval not reached): EGO Öğrenci Sorgu
2026-02-27 08:17:49 - Checking service: FlexCity Personel
2026-02-27 08:17:49 - Skipped (interval not reached): FlexCity Personel
2026-02-27 08:17:49 - Checking service: Kamutech Personel İzin Servisi
2026-02-27 08:17:49 - Skipped (interval not reached): Kamutech Personel İzin Servisi
2026-02-27 08:17:49 - === ServiceManager END ===
2026-02-27 08:17:50 - === ServiceManager START ===
2026-02-27 08:17:50 - Checking service: PDKS Personel Log
2026-02-27 08:17:50 - Skipped (interval not reached): PDKS Personel Log
2026-02-27 08:17:50 - Checking service: EGO Öğrenci Sorgu
2026-02-27 08:17:50 - Skipped (interval not reached): EGO Öğrenci Sorgu
2026-02-27 08:17:50 - Checking service: FlexCity Personel
2026-02-27 08:17:50 - Skipped (interval not reached): FlexCity Personel
2026-02-27 08:17:50 - Checking service: Kamutech Personel İzin Servisi
2026-02-27 08:17:50 - Skipped (interval not reached): Kamutech Personel İzin Servisi
2026-02-27 08:17:50 - === ServiceManager END ===
2026-02-27 08:18:14 - === ServiceManager START ===
2026-02-27 08:18:14 - Checking service: PDKS Personel Log
2026-02-27 08:18:14 - Skipped (interval not reached): PDKS Personel Log
2026-02-27 08:18:14 - Checking service: EGO Öğrenci Sorgu
2026-02-27 08:18:14 - Skipped (interval not reached): EGO Öğrenci Sorgu
2026-02-27 08:18:14 - Checking service: FlexCity Personel
2026-02-27 08:18:14 - Skipped (interval not reached): FlexCity Personel
2026-02-27 08:18:14 - Checking service: Kamutech Personel İzin Servisi
2026-02-27 08:18:14 - Skipped (interval not reached): Kamutech Personel İzin Servisi
2026-02-27 08:18:14 - === ServiceManager END ===
2026-02-27 08:18:15 - === ServiceManager START ===
2026-02-27 08:18:15 - Checking service: PDKS Personel Log
2026-02-27 08:18:15 - Skipped (interval not reached): PDKS Personel Log
2026-02-27 08:18:15 - Checking service: EGO Öğrenci Sorgu
2026-02-27 08:18:15 - Skipped (interval not reached): EGO Öğrenci Sorgu
2026-02-27 08:18:15 - Checking service: FlexCity Personel
2026-02-27 08:18:15 - Skipped (interval not reached): FlexCity Personel
2026-02-27 08:18:15 - Checking service: Kamutech Personel İzin Servisi
2026-02-27 08:18:15 - Skipped (interval not reached): Kamutech Personel İzin Servisi
2026-02-27 08:18:15 - === ServiceManager END ===
2026-02-27 08:18:40 - === ServiceManager START ===
2026-02-27 08:18:40 - Checking service: PDKS Personel Log
2026-02-27 08:18:40 - Token OK: PDKS Personel Log
2026-02-27 08:18:40 - Driver selected: HttpDriver
2026-02-27 08:18:40 - Result: {"status":false,"response_time":7,"error":"HTTP 401 : "}
2026-02-27 08:18:40 - Committed: PDKS Personel Log
2026-02-27 08:18:40 - Checking service: EGO Öğrenci Sorgu
2026-02-27 08:18:40 - Token OK: EGO Öğrenci Sorgu
2026-02-27 08:18:40 - Driver selected: HttpDriver
2026-02-27 08:18:52 - Result: {"status":false,"response_time":11941,"error":"HTTP 500 : <!DOCTYPE html>\r\n<html lang=\"tr\">\r\n<head>\r\n    <meta charset=\"utf-8\" \/>\r\n    <meta http-equiv=\"content-type\" content=\"text\/html;charset=utf-8\" \/>\r\n    <meta name=\"viewport\" content=\"width=device-width, initial-scale=1.0\" \/>\r\n    <meta http-equiv=\"Content-Security-Policy\" content=\"upgrade-insecure-re"}
2026-02-27 08:18:52 - Committed: EGO Öğrenci Sorgu
2026-02-27 08:18:52 - Checking service: FlexCity Personel
2026-02-27 08:18:52 - Token OK: FlexCity Personel
2026-02-27 08:18:52 - Driver selected: HttpDriver
2026-02-27 08:18:52 - Result: {"status":false,"response_time":36,"error":"HTTP 500 : {\"success\":false,\"resultCode\":\"0900\",\"resultMessage\":\"Bir hata olu\u015ftu. L\u00fctfen sistem y\u00f6neticisi ile g\u00f6r\u00fc\u015f\u00fcn\u00fcz.\"}"}
2026-02-27 08:18:52 - Committed: FlexCity Personel
2026-02-27 08:18:52 - Checking service: Kamutech Personel İzin Servisi
2026-02-27 08:18:52 - Token OK: Kamutech Personel İzin Servisi
2026-02-27 08:18:52 - Driver selected: HttpDriver
2026-02-27 08:18:54 - Result: {"status":true,"response_time":1711,"error":null}
2026-02-27 08:18:54 - Committed: Kamutech Personel İzin Servisi
2026-02-27 08:18:54 - === ServiceManager END ===
